16:10:35 <INFO> Started REINVENT 4.4.22 (C) AstraZeneca 2017, 2023 on 2024-09-21
16:10:35 <INFO> Command line: /Users/matthieu/miniconda3/envs/reinvent4/bin/reinvent -l sampling.log configs/toml/sampling.toml
16:10:35 <INFO> User matthieu on host Matthieus-MacBook-Air.local
16:10:35 <INFO> Python version 3.10.14
16:10:35 <INFO> PyTorch version 2.3.1, git d44533f9d073df13895333e70b66f81c513c1889
16:10:35 <INFO> PyTorch compiled with CUDA version None
16:10:35 <INFO> RDKit version 2022.09.5
16:10:35 <INFO> Platform macOS-14.5-arm64-arm-64bit
16:10:35 <INFO> Number of PyTorch CUDA devices 0
16:10:35 <INFO> Using CPU arm
16:10:35 <INFO> Writing JSON config file to /Users/matthieu/Documents/Github/REINVENT4/_sampling.json
16:10:35 <INFO> Starting Sampling
16:10:35 <INFO> /Users/matthieu/Documents/Github/REINVENT4/priors/reinvent.prior has valid hash:
{ 'comments': [],
  'creation_date': 0,
  'date_format': 'UNIX epoch',
  'hash_id': '173568c36e1fc3d95cab289c7d31ce0b',
  'hash_id_format': 'xxhash.xxh3_128_hex 3.4.1',
  'model_id': '55d68f8a81c04f5a86304ebe1723a0ea',
  'model_id_format': 'uuid.uuid4 3.10.12',
  'origina_data_source': 'ChEMBL 25',
  'updates': []}
16:10:36 <INFO> Number of network parameters: 5,805,602
16:10:36 <INFO> Network architecture:
RNN(
  (_embedding): Embedding(34, 256)
  (_rnn): LSTM(256, 512, num_layers=3, batch_first=True)
  (_linear): Linear(in_features=512, out_features=34, bias=True)
)
16:10:36 <INFO> Using generator Reinvent
16:10:36 <INFO> Writing sampled SMILES to CSV file sampling.csv
16:10:36 <INFO> Sampling 157 SMILES from model priors/reinvent.prior
16:10:38 <INFO> Peak main memory usage: 465.188 MiB
16:10:38 <INFO> Finished REINVENT on 2024-09-21
