
       _______________________________________________________

__________//____________________________/////_________________/________
_________/__/____________/_____________/______________/_______/________
________/____/___________/_____________/______________________/________
________/____/__/_____/_/////___/////__/__////_/_///__/__////_/________
_______/______/_/_____/__/_____/_____/_/_____/_//___/_/_/____//________
_______////////_/_____/__/_____/_____/_/_____/_/______/_/_____/________
_______/______/_/____//__/___/_/_____/_/_____/_/______/_/____//________
_______/______/__////_/___///___/////___/////__/______/__////_/________

       _______________________________________________________

                                ______
                               /      \
                              /        \
                             /          \
                             \    /\    /
                              \  /  \  /
                               \/ /\ \/
                                 /  \
                                /____\


                ______________________________________ 
               |                                      |
               |            AutoGrid 4.2.7.x.2019-07-11         |
               |                                      |
               |        Garrett M. Morris, TSRI       |
               |            Ruth Huey, TSRI           |
               |        David S. Goodsell, TSRI       |
               |         Arthur J. Olson, TSRI        |
               |     (MODIFIED VERSION DUAL HB)       |
               |                                      |
               |        (C) 1989-2009, TSRI           |
               |   The Scripps Research Institute     |
               |______________________________________|

                ______________________________________ 
               |                                      |
               | Calculation of van der Waals, H-Bond,|
               |   Electrostatic Potential Energy, &  |
               |   Desolvation Free Energy Grid Maps  |
               |             for AutoDock             |
               | For help, email autodock@scripps.edu |
               |______________________________________|




                           $Revision: 1.145 $
Compilation parameters:  NUM_RECEPTOR_TYPES=20 NEINT=2048
  AG_MAX_ATOMS=100000  MAX_MAPS=128 NDIEL=16384 MAX_ATOM_TYPES=126
        e_vdW_Hb table has 32514048 entries of size 8
Maximum number of maps that can be computed = 128 (defined by MAX_MAPS in "autocomm.h").
  Non-bond cutoff for internal energy calculation (NBC): 8.00
  Optimize internal energy scoring (USE_8A_NBCUTOFF):  yes
  Faster search for nearby atoms (USE_BHTREE):  yes
  Run calculations in parallel if possible (_OPENMP):  yes
This file was created at:			8:47 59" a.m., 10/24/2025
                   using:			"wks-df140a.seml.astrazeneca.net"


GPF> parameter_file boron-silicon-atom_par.dat
Using read_parameter_library() to try to open and read "boron-silicon-atom_par.dat".

GPF> npts 56 66 46

Number of grid points in x-direction:	57
Number of grid points in y-direction:	67
Number of grid points in z-direction:	47

GPF> gridfld 8ZYP.maps.fld

Creating (AVS-readable) grid maps file : 8ZYP.maps.fld

Creating (AVS-readable) grid-coordinates extrema file : 8ZYP.maps.xyz

GPF> spacing 0.375
Grid Spacing :			0.375 Angstrom

GPF> receptor_types HD C A N NA OA F P SA S Cl Br I Mg Ca Mn Fe Zn
GPF> ligand_types HD C A N NA OA F P SA S Cl Br I Si B
Allocated space for 18 gridmap objects
8 CPU threads will be used for calculation

Atom type names for ligand atom types 1-15 used for ligand-atom affinity grid maps:

			Atom type number 0 corresponds to atom type name "HD".
			Atom type number 1 corresponds to atom type name "C".
			Atom type number 2 corresponds to atom type name "A".
			Atom type number 3 corresponds to atom type name "N".
			Atom type number 4 corresponds to atom type name "NA".
			Atom type number 5 corresponds to atom type name "OA".
			Atom type number 6 corresponds to atom type name "F".
			Atom type number 7 corresponds to atom type name "P".
			Atom type number 8 corresponds to atom type name "SA".
			Atom type number 9 corresponds to atom type name "S".
			Atom type number 10 corresponds to atom type name "Cl".
			Atom type number 11 corresponds to atom type name "Br".
			Atom type number 12 corresponds to atom type name "I".
			Atom type number 13 corresponds to atom type name "Si".
			Atom type number 14 corresponds to atom type name "B".


GPF> receptor 8ZYP.pdbqt

Receptor Input File :	8ZYP.pdbqt

Receptor Atom Type Assignments:


Maximum partial atomic charge found = +0.345 e
Minimum partial atomic charge found = -0.549 e

Atom	Atom	Number of this Type
Type	 ID 	 in Receptor
____	____	___________________
 0	 HD		  1338
 1	 C		  3668
 2	 A		   816
 3	 N		  1052
 4	 NA		    16
 5	 OA		  1096
 8	 SA		    36

Total number of atoms :		8022 atoms 
Total charge :			22.00 e


Receptor coordinates fit within the following volume:

                   _______(195.8, 203.1, 165.6)
                  /|     /|
                 / |    / |
                /______/  |
                |  |___|__| Midpoint = (145.8, 152.9, 131.8)
                |  /   |  /
                | /    | /
                |/_____|/
(95.9, 102.8, 97.9)      

Maximum coordinates :		(195.778, 203.076, 165.616)
Minimum coordinates :		(95.866, 102.823, 97.941)


GPF> gridcenter 143.607 153.736 132.607

Grid maps will be centered on user-defined coordinates:

		(143.607, 153.736, 132.607)

Grid maps will cover the following volume:

                   _______(154.1, 166.1, 141.2)
                  /|     /|
                 / |    / |
                /______/  |
                |  |___|__| Midpoint = (143.6, 153.7, 132.6)
                |  /   |  /
                | /    | /
                |/_____|/
(133.1, 141.4, 124.0)      

Grid map x-dimension :		21.0 Angstroms
Grid map y-dimension :		24.8 Angstroms
Grid map z-dimension :		17.2 Angstroms

Maximum coordinates :		(154.107, 166.111, 141.232)
Minimum coordinates :		(133.107, 141.361, 123.982)

GPF> smooth 0.500

Potentials will be smoothed by: 0.500 Angstrom

GPF> map 8ZYP.HD.map

Output Grid Map 1:   8ZYP.HD.map

GPF> map 8ZYP.C.map

Output Grid Map 2:   8ZYP.C.map

GPF> map 8ZYP.A.map

Output Grid Map 3:   8ZYP.A.map

GPF> map 8ZYP.N.map

Output Grid Map 4:   8ZYP.N.map

GPF> map 8ZYP.NA.map

Output Grid Map 5:   8ZYP.NA.map

GPF> map 8ZYP.OA.map

Output Grid Map 6:   8ZYP.OA.map

GPF> map 8ZYP.F.map

Output Grid Map 7:   8ZYP.F.map

GPF> map 8ZYP.P.map

Output Grid Map 8:   8ZYP.P.map

GPF> map 8ZYP.SA.map

Output Grid Map 9:   8ZYP.SA.map

GPF> map 8ZYP.S.map

Output Grid Map 10:   8ZYP.S.map

GPF> map 8ZYP.Cl.map

Output Grid Map 11:   8ZYP.Cl.map

GPF> map 8ZYP.Br.map

Output Grid Map 12:   8ZYP.Br.map

GPF> map 8ZYP.I.map

Output Grid Map 13:   8ZYP.I.map

GPF> map 8ZYP.Si.map

Output Grid Map 14:   8ZYP.Si.map

GPF> map 8ZYP.B.map

Output Grid Map 15:   8ZYP.B.map

GPF> elecmap 8ZYP.e.map

Output Electrostatic Potential Energy Grid Map: 8ZYP.e.map

GPF> dsolvmap 8ZYP.d.map

Output Desolvation Free Energy Grid Map: 8ZYP.d.map

GPF> dielectric -42.000

Using *distance-dependent* dielectric function of Mehler and Solmajer, Prot.Eng.4, 903-910.


>>> Closing the grid parameter file (GPF)... <<<

________________________________________________________________________________



Calculating Pairwise Interaction Energies
Beginning grid calculations.

Calculating 17 grids over 179493 elements, around 8022 receptor atoms.

                    Percent   Estimated Time  Time/this plane
XY-plane  Z-coord   Done      Remaining       Real, User, System
            /Ang              /sec            /sec
________  ________  ________  ______________  __________________________

    -23    123.982     2.1%           10.58s  Real= 0.23,  CPU= 1.83,  System= 0.01
    -22    124.357     4.3%           10.35s  Real= 0.23,  CPU= 1.84,  System= 0.01
    -21    124.732     6.4%           10.56s  Real= 0.24,  CPU= 1.93,  System= 0.01
    -20    125.107     8.5%           10.75s  Real= 0.25,  CPU= 1.96,  System= 0.01
    -19    125.482    10.6%           10.50s  Real= 0.25,  CPU= 1.96,  System= 0.01
    -18    125.857    12.8%           10.66s  Real= 0.26,  CPU= 2.08,  System= 0.01
    -17    126.232    14.9%           11.20s  Real= 0.28,  CPU= 2.24,  System= 0.01
    -16    126.607    17.0%           11.31s  Real= 0.29,  CPU= 2.29,  System= 0.01
    -15    126.982    19.1%            8.74s  Real= 0.23,  CPU= 1.83,  System= 0.00
    -14    127.357    21.3%            8.88s  Real= 0.24,  CPU= 1.88,  System= 0.00
    -13    127.732    23.4%            8.64s  Real= 0.24,  CPU= 1.93,  System= 0.00
    -12    128.107    25.5%            8.75s  Real= 0.25,  CPU= 1.99,  System= 0.00
    -11    128.482    27.7%            8.16s  Real= 0.24,  CPU= 1.97,  System= 0.00
    -10    128.857    29.8%            8.58s  Real= 0.26,  CPU= 2.05,  System= 0.00
     -9    129.232    31.9%            8.96s  Real= 0.28,  CPU= 2.24,  System= 0.00
     -8    129.607    34.0%            8.99s  Real= 0.29,  CPU= 2.32,  System= 0.00
     -7    129.982    36.2%            6.90s  Real= 0.23,  CPU= 1.76,  System= 0.00
     -6    130.357    38.3%            7.25s  Real= 0.25,  CPU= 1.92,  System= 0.00
     -5    130.732    40.4%            6.72s  Real= 0.24,  CPU= 1.83,  System= 0.00
     -4    131.107    42.6%            6.75s  Real= 0.25,  CPU= 1.87,  System= 0.00
     -3    131.482    44.7%            6.76s  Real= 0.26,  CPU= 1.97,  System= 0.00
     -2    131.857    46.8%            6.75s  Real= 0.27,  CPU= 2.06,  System= 0.00
     -1    132.232    48.9%            7.92s  Real= 0.33,  CPU= 2.52,  System= 0.00
      0    132.607    51.1%            6.90s  Real= 0.30,  CPU= 2.27,  System= 0.00
      1    132.982    53.2%            5.28s  Real= 0.24,  CPU= 1.83,  System= 0.00
      2    133.357    55.3%            5.04s  Real= 0.24,  CPU= 1.90,  System= 0.00
      3    133.732    57.4%            4.60s  Real= 0.23,  CPU= 1.85,  System= 0.00
      4    134.107    59.6%            4.75s  Real= 0.25,  CPU= 1.96,  System= 0.00
      5    134.482    61.7%            4.86s  Real= 0.27,  CPU= 2.13,  System= 0.00
      6    134.857    63.8%            4.08s  Real= 0.24,  CPU= 1.86,  System= 0.00
      7    135.232    66.0%            4.00s  Real= 0.25,  CPU= 1.93,  System= 0.00
      8    135.607    68.1%            4.35s  Real= 0.29,  CPU= 2.07,  System= 0.00
      9    135.982    70.2%            3.22s  Real= 0.23,  CPU= 1.65,  System= 0.00
     10    136.357    72.3%            2.73s  Real= 0.21,  CPU= 1.42,  System= 0.00
     11    136.732    74.5%            2.76s  Real= 0.23,  CPU= 1.46,  System= 0.01
     12    137.107    76.6%            2.20s  Real= 0.20,  CPU= 1.27,  System= 0.01
     13    137.482    78.7%            1.50s  Real= 0.15,  CPU= 0.58,  System= 0.01
     14    137.857    80.9%            1.35s  Real= 0.15,  CPU= 0.59,  System= 0.01
     15    138.232    83.0%            1.12s  Real= 0.14,  CPU= 0.56,  System= 0.00
     16    138.607    85.1%            1.05s  Real= 0.15,  CPU= 0.57,  System= 0.00
     17    138.982    87.2%            0.84s  Real= 0.14,  CPU= 0.57,  System= 0.00
     18    139.357    89.4%            0.75s  Real= 0.15,  CPU= 0.58,  System= 0.00
     19    139.732    91.5%            0.56s  Real= 0.14,  CPU= 0.55,  System= 0.00
     20    140.107    93.6%            0.42s  Real= 0.14,  CPU= 0.57,  System= 0.00
     21    140.482    95.7%            0.30s  Real= 0.15,  CPU= 0.47,  System= 0.00
     22    140.857    97.9%            0.14s  Real= 0.14,  CPU= 0.43,  System= 0.00
     23    141.232   100.0%            0.00s  Real= 0.14,  CPU= 0.42,  System= 0.00

Grid	Atom	Minimum   	Maximum
Map 	Type	Energy    	Energy 
		(kcal/mol)	(kcal/mol)
____	____	_____________	_____________
 1	 HD	   -0.71	 1.08e+05
 2	 C	   -0.91	 2.01e+05
 3	 A	   -0.80	 2.01e+05
 4	 N	   -0.93	 2.00e+05
 5	 NA	   -1.08	 2.00e+05
 6	 OA	   -1.30	 2.00e+05
 7	 F	   -0.63	 2.00e+05
 8	 P	   -1.00	 2.02e+05
 9	 SA	   -1.10	 2.03e+05
 10	 S	   -1.12	 2.01e+05
 11	 Cl	   -1.16	 2.01e+05
 12	 Br	   -1.42	 2.04e+05
 13	 I	   -1.87	 2.13e+05
 14	 Si	   -1.03	 2.01e+05
 15	 B	   -0.92	 2.00e+05
 16	 e	   -2.08	 1.59e+00	Electrostatic Potential
 17	 d	    0.33	 1.49e+00	Desolvation Potential


 * Note:  Every pairwise-atomic interaction was clamped at 100000.00


autogrid4: Successful Completion.
Real= 2.06s,  CPU= 12.16s,  System= 0.07s
